;  LST file generated by mikroListExporter - v.2.0 
; Date/Time: 06-11-2023 18:11:01
;----------------------------------------------

;Address Opcode 	ASM
0x0000	0x020036  	LJMP 54
0x0003	0x020000  	LJMP 0
0x0006	0x00      	NOP
0x0007	0x00      	NOP
0x0008	0x00      	NOP
0x0009	0x00      	NOP
0x000A	0x00      	NOP
0x000B	0x020000  	LJMP 0
0x000E	0x00      	NOP
0x000F	0x00      	NOP
0x0010	0x00      	NOP
0x0011	0x00      	NOP
0x0012	0x00      	NOP
0x0013	0x020000  	LJMP 0
0x0016	0x00      	NOP
0x0017	0x00      	NOP
0x0018	0x00      	NOP
0x0019	0x00      	NOP
0x001A	0x00      	NOP
0x001B	0x020000  	LJMP 0
0x001E	0x00      	NOP
0x001F	0x00      	NOP
0x0020	0x00      	NOP
0x0021	0x00      	NOP
0x0022	0x00      	NOP
0x0023	0x020000  	LJMP 0
0x0026	0x00      	NOP
0x0027	0x00      	NOP
0x0028	0x00      	NOP
0x0029	0x00      	NOP
0x002A	0x00      	NOP
0x002B	0x020000  	LJMP 0
___CC2D:
;__Lib_System.c,13 :: 		
;__Lib_System.c,15 :: 		
_CC2D_Loop1:
;__Lib_System.c,16 :: 		
0x002E	0xE4      	CLR A
;__Lib_System.c,17 :: 		
0x002F	0x93      	MOVC A, @A+DPTR
;__Lib_System.c,18 :: 		
0x0030	0xF6      	MOV @R0, A
;__Lib_System.c,19 :: 		
0x0031	0x08      	INC R0
;__Lib_System.c,20 :: 		
0x0032	0xA3      	INC DPTR
;__Lib_System.c,21 :: 		
0x0033	0xD9F9    	DJNZ R1, _CC2D_Loop1
;__Lib_System.c,23 :: 		
0x0035	0x22      	RET
; end of ___CC2D
_main:
0x0036	0x758180  	MOV SP, #128
;Fire_Detector.c,1 :: 		void main()
;Fire_Detector.c,3 :: 		P2_1_bit = 1;
0x0039	0xD2A1    	SETB P2_1_bit
;Fire_Detector.c,4 :: 		P2_0_bit = 1;
0x003B	0xD2A0    	SETB P2_0_bit
;Fire_Detector.c,5 :: 		while(1)
L_main0:
;Fire_Detector.c,7 :: 		if(!P2_0_bit)
0x003D	0x20A01E  	JB P2_0_bit, L_main2
;Fire_Detector.c,9 :: 		P2_1_bit = 0;
0x0040	0xC2A1    	CLR P2_1_bit
;Fire_Detector.c,10 :: 		Delay_ms(500);
0x0042	0x7D04    	MOV R5, 4
0x0044	0x7ECD    	MOV R6, 205
0x0046	0x7FBD    	MOV R7, 189
0x0048	0xDFFE    	DJNZ R7, PC-2
0x004A	0xDEFC    	DJNZ R6, PC-4
0x004C	0xDDFA    	DJNZ R5, PC-6
0x004E	0x00      	NOP
;Fire_Detector.c,11 :: 		P2_1_bit = 1;
0x004F	0xD2A1    	SETB P2_1_bit
;Fire_Detector.c,12 :: 		Delay_ms(500);
0x0051	0x7D04    	MOV R5, 4
0x0053	0x7ECD    	MOV R6, 205
0x0055	0x7FBD    	MOV R7, 189
0x0057	0xDFFE    	DJNZ R7, PC-2
0x0059	0xDEFC    	DJNZ R6, PC-4
0x005B	0xDDFA    	DJNZ R5, PC-6
0x005D	0x00      	NOP
;Fire_Detector.c,13 :: 		}
L_main2:
;Fire_Detector.c,16 :: 		}
0x005E	0x80DD    	SJMP L_main0
;Fire_Detector.c,19 :: 		}
0x0060	0x80FE    	SJMP #254
; end of _main
Symbol List:
//** Routines locations **
//ADDRESS    SIZE    PROCEDURE
//----------------------------------------------
0x002E       [8]    ___CC2D
0x0036      [44]    _main
//** Variables locations ** 
//ADDRESS    SIZE    VARIABLE
//----------------------------------------------
0x0000       [1]    R0
0x0001       [1]    R1
0x0002       [1]    R2
0x0003       [1]    R3
0x0004       [1]    R4
0x0005       [1]    R5
0x0006       [1]    R6
0x0007       [1]    R7
0x0081       [1]    SP
0x0082       [1]    DPL
0x0083       [1]    DPH
0x00A0       [0]    P2_0_bit
0x00A0       [0]    P2_1_bit
0x00D0       [1]    PSW
0x00E0       [1]    ACC
0x00F0       [1]    B
//** Label List: ** 
//----------------------------------------------
  L_main0
  L_main1
  L_main2
  _main
  _CC2D_Loop1
  _CC2PD_Loop1
  _CC2XD_Loop1
  ___DoIFC
  ___CC2D
  ___CC2PD
  ___CC2XD
